14.01.2024 11:56:36	Этот журнал содержит сведения об операции импорта схемы в проект "Sql" на компьютере "DESKTOP-5STCJS8", выполненной пользователем "Komp-880-PC".
14.01.2024 11:56:36	Импорт схемы базы данных начат.
14.01.2024 11:56:51	Идет сбор учетных данных для базы данных
14.01.2024 11:56:51	Идет сбор параметров базы данных
14.01.2024 11:56:51	Собирается параметр конфигурации области универсальной базы данных
14.01.2024 11:56:51	Идет сбор пользователей
14.01.2024 11:56:51	Идет сбор ролей
14.01.2024 11:56:51	Идет сбор ролей приложений
14.01.2024 11:56:51	Идет сбор членств ролей
14.01.2024 11:56:51	Идет сбор файловых групп
14.01.2024 11:56:51	Идет сбор полнотекстовых каталогов
14.01.2024 11:56:51	Идет сбор сборок
14.01.2024 11:56:51	Идет сбор сертификатов
14.01.2024 11:56:51	Идет сбор асимметричных ключей
14.01.2024 11:56:51	Идет сбор симметричных ключей
14.01.2024 11:56:51	Идет сбор зашифрованных симметричных ключей
14.01.2024 11:56:51	Идет сбор схем
14.01.2024 11:56:51	Идет сбор коллекции схем XML
14.01.2024 11:56:51	Идет сбор определяемых пользователем типов данных
14.01.2024 11:56:51	Идет сбор определяемых пользователем типов
14.01.2024 11:56:51	Идет сбор табличных типов
14.01.2024 11:56:51	Сбор уникальных ключей для табличных типов
14.01.2024 11:56:51	Идет сбор первичных ключей для табличных типов
14.01.2024 11:56:51	Сбор индексов для табличных типов
14.01.2024 11:57:08	Идет сбор проверочных ограничений для табличных типов
14.01.2024 11:57:08	Идет сбор ограничений по умолчанию для табличных типов
14.01.2024 11:57:08	Идет сбор функций секционирования
14.01.2024 11:57:08	Идет сбор схем секционирования
14.01.2024 11:57:08	Идет сбор функций
14.01.2024 11:57:08	Сбор зашифрованных функций
14.01.2024 11:57:08	Идет сбор статистических выражений
14.01.2024 11:57:08	Идет сбор процедур
14.01.2024 11:57:33	Сбор зашифрованных процедур
14.01.2024 11:57:33	Идет сбор таблиц
14.01.2024 11:57:34	Идет сбор первичных ключей
14.01.2024 11:57:34	Идет сбор ограничений уникальности
14.01.2024 11:57:34	Идет сбор внешних ключей
14.01.2024 11:57:34	Идет сбор ограничений по умолчанию
14.01.2024 11:57:34	Идет сбор проверочных ограничений
14.01.2024 11:57:34	Идет сбор представлений
14.01.2024 11:57:34	Сбор зашифрованных представлений
14.01.2024 11:57:34	Идет сбор индексов
14.01.2024 11:57:34	Идет сбор статистики
14.01.2024 11:57:34	Идет сбор списков стоп-слов полнотекстовых индексов
14.01.2024 11:57:34	Сбор списков свойств поиска
14.01.2024 11:57:34	Сбор свойств поиска
14.01.2024 11:57:34	Идет сбор полнотекстовых индексов
14.01.2024 11:57:34	Сбор индексов хранилища столбцов
14.01.2024 11:57:34	Идет сбор пространственных индексов
14.01.2024 11:57:34	Идет сбор XML-индексов
14.01.2024 11:57:34	Сбор селективных XML-индексов
14.01.2024 11:57:34	Сбор зашифрованных триггеров
14.01.2024 11:57:34	Идет сбор триггеров
14.01.2024 11:57:34	Идет сбор зашифрованных триггеров и триггеров ddl clr
14.01.2024 11:57:34	Идет сбор триггеров ddl
14.01.2024 11:57:34	Создание ограничений границы
14.01.2024 11:58:33	Идет сбор синонимов
14.01.2024 11:58:33	Идет сбор значений по умолчанию
14.01.2024 11:58:33	Идет сбор привязок uddt ограничений данных
14.01.2024 11:58:33	Идет сбор правил
14.01.2024 11:58:33	Идет сбор привязок uddt ограничений данных
14.01.2024 11:58:33	Идет сбор типов сообщений
14.01.2024 11:58:34	Идет сбор списков ожидания
14.01.2024 11:58:34	Идет сбор контрактов
14.01.2024 11:58:34	Идет сбор служб
14.01.2024 11:58:34	Идет сбор уведомлений о событиях
14.01.2024 11:58:34	Идет сбор привязок удаленных служб
14.01.2024 11:58:34	Идет сбор приоритетов брокера
14.01.2024 11:58:34	Идет сбор подписей
14.01.2024 11:58:34	Сбор параметров сжатия
14.01.2024 11:58:34	Сбор типов последовательностей
14.01.2024 11:58:34	Идет сбор политик безопасности
14.01.2024 11:58:34	Сбор ключей шифрования столбцов
14.01.2024 11:58:34	Сбор главных ключей столбцов
14.01.2024 11:58:34	Выполняется сбор внешних источников данных
14.01.2024 11:58:34	Выполняется сбор внешних форматов файлов
14.01.2024 11:58:34	Выполняется сбор внешних таблиц
14.01.2024 11:58:34	Идет сбор расширенных свойств
14.01.2024 11:58:34	Идет сбор сборок
14.01.2024 11:58:36	Идет сбор учетных данных
14.01.2024 11:58:36	Идет сбор имен входа
14.01.2024 11:58:36	Идет сбор аудитов сервера
14.01.2024 11:58:38	Выполняется проверка проекта на наличие повторяющихся элементов
14.01.2024 11:58:38	Обработка повторяющегося элемента завершена
14.01.2024 11:58:38	Импорт базы данных завершен.
14.01.2024 11:58:38	summary операции импорта была сохранена по следующему пути: C:\Users\Komp-880-PC\Sql\Sql\Sql\Журналы импорта схем\Sql_20240114085636.log
14.01.2024 11:58:38	Для продолжения нажмите кнопку ''Готово''...
